c:\users\vadru\documents\visual studio 2019\d3d8tod3d9\d3d8to9-master\intermediate\debug\vc142.pdb
c:\users\vadru\documents\visual studio 2019\d3d8tod3d9\d3d8to9-master\intermediate\debug\vc142.idb
c:\users\vadru\documents\visual studio 2019\d3d8tod3d9\d3d8to9-master\intermediate\debug\lookup_table.obj
c:\users\vadru\documents\visual studio 2019\d3d8tod3d9\d3d8to9-master\intermediate\debug\d3d8to9_base.obj
c:\users\vadru\documents\visual studio 2019\d3d8tod3d9\d3d8to9-master\intermediate\debug\d3d8to9.obj
c:\users\vadru\documents\visual studio 2019\d3d8tod3d9\d3d8to9-master\intermediate\debug\source.obj
c:\users\vadru\documents\visual studio 2019\d3d8tod3d9\d3d8to9-master\intermediate\debug\interface_query.obj
c:\users\vadru\documents\visual studio 2019\d3d8tod3d9\d3d8to9-master\intermediate\debug\d3d8types.obj
c:\users\vadru\documents\visual studio 2019\d3d8tod3d9\d3d8to9-master\intermediate\debug\d3d8to9_volume.obj
c:\users\vadru\documents\visual studio 2019\d3d8tod3d9\d3d8to9-master\intermediate\debug\d3d8to9_vertex_buffer.obj
c:\users\vadru\documents\visual studio 2019\d3d8tod3d9\d3d8to9-master\intermediate\debug\d3d8to9_texture.obj
c:\users\vadru\documents\visual studio 2019\d3d8tod3d9\d3d8to9-master\intermediate\debug\d3d8to9_swap_chain.obj
c:\users\vadru\documents\visual studio 2019\d3d8tod3d9\d3d8to9-master\intermediate\debug\d3d8to9_surface.obj
c:\users\vadru\documents\visual studio 2019\d3d8tod3d9\d3d8to9-master\intermediate\debug\d3d8to9_index_buffer.obj
c:\users\vadru\documents\visual studio 2019\d3d8tod3d9\d3d8to9-master\intermediate\debug\d3d8to9_device.obj
c:\users\vadru\documents\visual studio 2019\d3d8tod3d9\d3d8to9-master\intermediate\debug\zip.obj
c:\users\vadru\documents\visual studio 2019\d3d8tod3d9\d3d8to9-master\bin\debug\d3d8.lib
c:\users\vadru\documents\visual studio 2019\d3d8tod3d9\d3d8to9-master\bin\debug\d3d8.exp
c:\users\vadru\documents\visual studio 2019\d3d8tod3d9\d3d8to9-master\bin\debug\d3d8.dll
c:\users\vadru\documents\visual studio 2019\d3d8tod3d9\d3d8to9-master\bin\debug\d3d8.ilk
c:\users\vadru\documents\visual studio 2019\d3d8tod3d9\d3d8to9-master\bin\debug\d3d8.pdb
c:\users\vadru\documents\visual studio 2019\d3d8tod3d9\d3d8to9-master\intermediate\debug\d3d8to9.res
c:\users\vadru\documents\visual studio 2019\d3d8tod3d9\d3d8to9-master\intermediate\debug\d3d8to9.tlog\cl.command.1.tlog
c:\users\vadru\documents\visual studio 2019\d3d8tod3d9\d3d8to9-master\intermediate\debug\d3d8to9.tlog\cl.read.1.tlog
c:\users\vadru\documents\visual studio 2019\d3d8tod3d9\d3d8to9-master\intermediate\debug\d3d8to9.tlog\cl.write.1.tlog
c:\users\vadru\documents\visual studio 2019\d3d8tod3d9\d3d8to9-master\intermediate\debug\d3d8to9.tlog\d3d8to9.write.1u.tlog
c:\users\vadru\documents\visual studio 2019\d3d8tod3d9\d3d8to9-master\intermediate\debug\d3d8to9.tlog\link.14864.delete.1.tlog
c:\users\vadru\documents\visual studio 2019\d3d8tod3d9\d3d8to9-master\intermediate\debug\d3d8to9.tlog\link.command.1.tlog
c:\users\vadru\documents\visual studio 2019\d3d8tod3d9\d3d8to9-master\intermediate\debug\d3d8to9.tlog\link.read.1.tlog
c:\users\vadru\documents\visual studio 2019\d3d8tod3d9\d3d8to9-master\intermediate\debug\d3d8to9.tlog\link.write.1.tlog
c:\users\vadru\documents\visual studio 2019\d3d8tod3d9\d3d8to9-master\intermediate\debug\d3d8to9.tlog\rc.command.1.tlog
c:\users\vadru\documents\visual studio 2019\d3d8tod3d9\d3d8to9-master\intermediate\debug\d3d8to9.tlog\rc.read.1.tlog
c:\users\vadru\documents\visual studio 2019\d3d8tod3d9\d3d8to9-master\intermediate\debug\d3d8to9.tlog\rc.write.1.tlog
